0 verbose cli D:\Node\node.exe D:\Node\node_modules\npm\bin\npm-cli.js
1 info using npm@10.9.2
2 info using node@v22.14.0
3 silly config load:file:D:\Node\node_modules\npm\npmrc
4 silly config load:file:C:\Users\HP\AppData\Local\Microsoft\TypeScript\5.7\.npmrc
5 silly config load:file:C:\Users\HP\.npmrc
6 silly config load:file:D:\Node\node_global\etc\npmrc
7 verbose title npm install @types/request@ts5.7
8 verbose argv "install" "--ignore-scripts" "@types/request@ts5.7" "--save-dev" "--user-agent" "typesInstaller/5.7.2"
9 verbose logfile logs-max:10 dir:D:\用户\HP\桌面\text\npm-cache\_logs\2025-03-28T06_51_35_153Z-
10 verbose logfile D:\用户\HP\桌面\text\npm-cache\_logs\2025-03-28T06_51_35_153Z-debug-0.log
11 silly logfile start cleaning logs, removing 1 files
12 silly packumentCache heap:4345298944 maxSize:1086324736 maxEntrySize:543162368
13 silly logfile done cleaning log files
14 silly packumentCache corgi:https://registry.npmjs.org/@types%2frequest cache-miss
15 http fetch GET 200 https://registry.npmjs.org/@types%2frequest 447ms (cache miss)
16 silly packumentCache corgi:https://registry.npmjs.org/@types%2frequest set size:undefined disposed:false
17 silly idealTree buildDeps
18 silly fetch manifest @types/request@2.48.12
19 silly packumentCache full:https://registry.npmjs.org/@types%2frequest cache-miss
20 http fetch GET 200 https://registry.npmjs.org/@types%2frequest 144ms (cache miss)
21 silly packumentCache full:https://registry.npmjs.org/@types%2frequest set size:undefined disposed:false
22 silly placeDep ROOT @types/request@2.48.12 OK for:  want: 2.48.12
23 silly fetch manifest form-data@^2.5.0
24 silly packumentCache full:https://registry.npmjs.org/form-data cache-miss
25 silly fetch manifest @types/caseless@*
26 silly packumentCache full:https://registry.npmjs.org/@types%2fcaseless cache-miss
27 silly fetch manifest @types/tough-cookie@*
28 silly packumentCache full:https://registry.npmjs.org/@types%2ftough-cookie cache-miss
29 http fetch GET 200 https://registry.npmjs.org/@types%2fcaseless 108ms (cache miss)
30 silly packumentCache full:https://registry.npmjs.org/@types%2fcaseless set size:undefined disposed:false
31 http fetch GET 200 https://registry.npmjs.org/@types%2ftough-cookie 348ms (cache miss)
32 silly packumentCache full:https://registry.npmjs.org/@types%2ftough-cookie set size:undefined disposed:false
33 http fetch GET 200 https://registry.npmjs.org/form-data 363ms (cache updated)
34 silly packumentCache full:https://registry.npmjs.org/form-data set size:undefined disposed:false
35 silly placeDep ROOT @types/caseless@0.12.5 OK for: @types/request@2.48.12 want: *
36 silly placeDep ROOT @types/tough-cookie@4.0.5 OK for: @types/request@2.48.12 want: *
37 silly placeDep ROOT form-data@2.5.3 OK for: @types/request@2.48.12 want: ^2.5.0
38 silly fetch manifest asynckit@^0.4.0
39 silly packumentCache full:https://registry.npmjs.org/asynckit cache-miss
40 silly fetch manifest mime-types@^2.1.35
41 silly packumentCache full:https://registry.npmjs.org/mime-types cache-miss
42 silly fetch manifest safe-buffer@^5.2.1
43 silly packumentCache full:https://registry.npmjs.org/safe-buffer cache-miss
44 silly fetch manifest combined-stream@^1.0.8
45 silly packumentCache full:https://registry.npmjs.org/combined-stream cache-miss
46 silly fetch manifest es-set-tostringtag@^2.1.0
47 silly packumentCache full:https://registry.npmjs.org/es-set-tostringtag cache-miss
48 http fetch GET 200 https://registry.npmjs.org/mime-types 107ms (cache updated)
49 silly packumentCache full:https://registry.npmjs.org/mime-types set size:undefined disposed:false
50 http fetch GET 200 https://registry.npmjs.org/combined-stream 111ms (cache updated)
51 silly packumentCache full:https://registry.npmjs.org/combined-stream set size:undefined disposed:false
52 http fetch GET 200 https://registry.npmjs.org/safe-buffer 122ms (cache updated)
53 silly packumentCache full:https://registry.npmjs.org/safe-buffer set size:undefined disposed:false
54 http fetch GET 200 https://registry.npmjs.org/es-set-tostringtag 352ms (cache updated)
55 silly packumentCache full:https://registry.npmjs.org/es-set-tostringtag set size:undefined disposed:false
56 http fetch GET 200 https://registry.npmjs.org/asynckit 354ms (cache updated)
57 silly packumentCache full:https://registry.npmjs.org/asynckit set size:undefined disposed:false
58 silly placeDep ROOT asynckit@0.4.0 OK for: form-data@2.5.3 want: ^0.4.0
59 silly placeDep ROOT combined-stream@1.0.8 OK for: form-data@2.5.3 want: ^1.0.8
60 silly placeDep ROOT es-set-tostringtag@2.1.0 OK for: form-data@2.5.3 want: ^2.1.0
61 silly placeDep ROOT mime-types@2.1.35 OK for: form-data@2.5.3 want: ^2.1.35
62 silly placeDep ROOT safe-buffer@5.2.1 OK for: form-data@2.5.3 want: ^5.2.1
63 silly fetch manifest delayed-stream@~1.0.0
64 silly packumentCache full:https://registry.npmjs.org/delayed-stream cache-miss
65 silly fetch manifest es-errors@^1.3.0
66 silly packumentCache full:https://registry.npmjs.org/es-errors cache-miss
67 silly fetch manifest get-intrinsic@^1.2.6
68 silly packumentCache full:https://registry.npmjs.org/get-intrinsic cache-miss
69 silly fetch manifest has-tostringtag@^1.0.2
70 silly packumentCache full:https://registry.npmjs.org/has-tostringtag cache-miss
71 silly fetch manifest hasown@^2.0.2
72 silly packumentCache full:https://registry.npmjs.org/hasown cache-miss
73 silly fetch manifest mime-db@1.52.0
74 silly packumentCache full:https://registry.npmjs.org/mime-db cache-miss
75 http fetch GET 200 https://registry.npmjs.org/mime-db 107ms (cache updated)
76 silly packumentCache full:https://registry.npmjs.org/mime-db set size:undefined disposed:false
77 http fetch GET 200 https://registry.npmjs.org/hasown 109ms (cache updated)
78 silly packumentCache full:https://registry.npmjs.org/hasown set size:undefined disposed:false
79 http fetch GET 200 https://registry.npmjs.org/get-intrinsic 124ms (cache updated)
80 silly packumentCache full:https://registry.npmjs.org/get-intrinsic set size:undefined disposed:false
81 http fetch GET 200 https://registry.npmjs.org/has-tostringtag 133ms (cache updated)
82 silly packumentCache full:https://registry.npmjs.org/has-tostringtag set size:undefined disposed:false
83 http fetch GET 200 https://registry.npmjs.org/delayed-stream 136ms (cache updated)
84 silly packumentCache full:https://registry.npmjs.org/delayed-stream set size:undefined disposed:false
85 http fetch GET 200 https://registry.npmjs.org/es-errors 327ms (cache updated)
86 silly packumentCache full:https://registry.npmjs.org/es-errors set size:undefined disposed:false
87 silly placeDep ROOT delayed-stream@1.0.0 OK for: combined-stream@1.0.8 want: ~1.0.0
88 silly placeDep ROOT es-errors@1.3.0 OK for: es-set-tostringtag@2.1.0 want: ^1.3.0
89 silly placeDep ROOT get-intrinsic@1.3.0 OK for: es-set-tostringtag@2.1.0 want: ^1.2.6
90 silly placeDep ROOT has-tostringtag@1.0.2 OK for: es-set-tostringtag@2.1.0 want: ^1.0.2
91 silly placeDep ROOT hasown@2.0.2 OK for: es-set-tostringtag@2.1.0 want: ^2.0.2
92 silly fetch manifest call-bind-apply-helpers@^1.0.2
93 silly packumentCache full:https://registry.npmjs.org/call-bind-apply-helpers cache-miss
94 silly fetch manifest es-define-property@^1.0.1
95 silly packumentCache full:https://registry.npmjs.org/es-define-property cache-miss
96 silly fetch manifest es-object-atoms@^1.1.1
97 silly packumentCache full:https://registry.npmjs.org/es-object-atoms cache-miss
98 silly fetch manifest function-bind@^1.1.2
99 silly packumentCache full:https://registry.npmjs.org/function-bind cache-miss
100 silly fetch manifest get-proto@^1.0.1
101 silly packumentCache full:https://registry.npmjs.org/get-proto cache-miss
102 silly fetch manifest gopd@^1.2.0
103 silly packumentCache full:https://registry.npmjs.org/gopd cache-miss
104 silly fetch manifest has-symbols@^1.1.0
105 silly packumentCache full:https://registry.npmjs.org/has-symbols cache-miss
106 silly fetch manifest math-intrinsics@^1.1.0
107 silly packumentCache full:https://registry.npmjs.org/math-intrinsics cache-miss
108 silly fetch manifest has-symbols@^1.0.3
109 silly packumentCache full:https://registry.npmjs.org/has-symbols cache-miss
110 silly fetch manifest function-bind@^1.1.2
111 silly packumentCache full:https://registry.npmjs.org/function-bind cache-miss
112 http fetch GET 200 https://registry.npmjs.org/es-define-property 152ms (cache updated)
113 silly packumentCache full:https://registry.npmjs.org/es-define-property set size:undefined disposed:false
114 http fetch GET 200 https://registry.npmjs.org/has-symbols 153ms (cache updated)
115 silly packumentCache full:https://registry.npmjs.org/has-symbols set size:undefined disposed:false
116 http fetch GET 200 https://registry.npmjs.org/gopd 155ms (cache updated)
117 silly packumentCache full:https://registry.npmjs.org/gopd set size:undefined disposed:false
118 http fetch GET 200 https://registry.npmjs.org/call-bind-apply-helpers 156ms (cache updated)
119 silly packumentCache full:https://registry.npmjs.org/call-bind-apply-helpers set size:undefined disposed:false
120 http fetch GET 200 https://registry.npmjs.org/math-intrinsics 156ms (cache updated)
121 silly packumentCache full:https://registry.npmjs.org/math-intrinsics set size:undefined disposed:false
122 http fetch GET 200 https://registry.npmjs.org/es-object-atoms 161ms (cache updated)
123 silly packumentCache full:https://registry.npmjs.org/es-object-atoms set size:undefined disposed:false
124 http fetch GET 200 https://registry.npmjs.org/function-bind 411ms (cache updated)
125 silly packumentCache full:https://registry.npmjs.org/function-bind set size:undefined disposed:false
126 http fetch GET 200 https://registry.npmjs.org/get-proto 424ms (cache updated)
127 silly packumentCache full:https://registry.npmjs.org/get-proto set size:undefined disposed:false
128 http fetch GET 200 https://registry.npmjs.org/function-bind 424ms (cache updated)
129 silly packumentCache full:https://registry.npmjs.org/function-bind set size:undefined disposed:false
130 http fetch GET 200 https://registry.npmjs.org/has-symbols 427ms (cache updated)
131 silly packumentCache full:https://registry.npmjs.org/has-symbols set size:undefined disposed:false
132 silly placeDep ROOT call-bind-apply-helpers@1.0.2 OK for: get-intrinsic@1.3.0 want: ^1.0.2
133 silly placeDep ROOT es-define-property@1.0.1 OK for: get-intrinsic@1.3.0 want: ^1.0.1
134 silly placeDep ROOT es-object-atoms@1.1.1 OK for: get-intrinsic@1.3.0 want: ^1.1.1
135 silly placeDep ROOT function-bind@1.1.2 OK for: get-intrinsic@1.3.0 want: ^1.1.2
136 silly placeDep ROOT get-proto@1.0.1 OK for: get-intrinsic@1.3.0 want: ^1.0.1
137 silly placeDep ROOT gopd@1.2.0 OK for: get-intrinsic@1.3.0 want: ^1.2.0
138 silly placeDep ROOT has-symbols@1.1.0 OK for: get-intrinsic@1.3.0 want: ^1.1.0
139 silly placeDep ROOT math-intrinsics@1.1.0 OK for: get-intrinsic@1.3.0 want: ^1.1.0
140 silly fetch manifest dunder-proto@^1.0.1
141 silly packumentCache full:https://registry.npmjs.org/dunder-proto cache-miss
142 http fetch GET 200 https://registry.npmjs.org/dunder-proto 171ms (cache updated)
143 silly packumentCache full:https://registry.npmjs.org/dunder-proto set size:undefined disposed:false
144 silly placeDep ROOT dunder-proto@1.0.1 OK for: get-proto@1.0.1 want: ^1.0.1
145 silly placeDep ROOT mime-db@1.52.0 OK for: mime-types@2.1.35 want: 1.52.0
146 silly reify moves {}
147 silly audit bulk request {
147 silly audit   '@types/core-js': [ '2.5.8' ],
147 silly audit   '@types/less': [ '3.0.8' ],
147 silly audit   '@types/node': [ '22.13.13' ],
147 silly audit   'types-registry': [ '0.1.713' ],
147 silly audit   'undici-types': [ '6.20.0' ],
147 silly audit   '@types/request': [ '2.48.12' ],
147 silly audit   '@types/caseless': [ '0.12.5' ],
147 silly audit   '@types/tough-cookie': [ '4.0.5' ],
147 silly audit   'form-data': [ '2.5.3' ],
147 silly audit   asynckit: [ '0.4.0' ],
147 silly audit   'combined-stream': [ '1.0.8' ],
147 silly audit   'es-set-tostringtag': [ '2.1.0' ],
147 silly audit   'mime-types': [ '2.1.35' ],
147 silly audit   'safe-buffer': [ '5.2.1' ],
147 silly audit   'delayed-stream': [ '1.0.0' ],
147 silly audit   'es-errors': [ '1.3.0' ],
147 silly audit   'get-intrinsic': [ '1.3.0' ],
147 silly audit   'has-tostringtag': [ '1.0.2' ],
147 silly audit   hasown: [ '2.0.2' ],
147 silly audit   'call-bind-apply-helpers': [ '1.0.2' ],
147 silly audit   'es-define-property': [ '1.0.1' ],
147 silly audit   'es-object-atoms': [ '1.1.1' ],
147 silly audit   'function-bind': [ '1.1.2' ],
147 silly audit   'get-proto': [ '1.0.1' ],
147 silly audit   gopd: [ '1.2.0' ],
147 silly audit   'has-symbols': [ '1.1.0' ],
147 silly audit   'math-intrinsics': [ '1.1.0' ],
147 silly audit   'dunder-proto': [ '1.0.1' ],
147 silly audit   'mime-db': [ '1.52.0' ]
147 silly audit }
148 http cache dunder-proto@https://registry.npmjs.org/dunder-proto/-/dunder-proto-1.0.1.tgz 0ms (cache hit)
149 http cache has-symbols@https://registry.npmjs.org/has-symbols/-/has-symbols-1.1.0.tgz 0ms (cache hit)
150 http cache mime-db@https://registry.npmjs.org/mime-db/-/mime-db-1.52.0.tgz 0ms (cache hit)
151 http cache math-intrinsics@https://registry.npmjs.org/math-intrinsics/-/math-intrinsics-1.1.0.tgz 0ms (cache hit)
152 http cache gopd@https://registry.npmjs.org/gopd/-/gopd-1.2.0.tgz 0ms (cache hit)
153 http cache get-proto@https://registry.npmjs.org/get-proto/-/get-proto-1.0.1.tgz 0ms (cache hit)
154 http cache es-object-atoms@https://registry.npmjs.org/es-object-atoms/-/es-object-atoms-1.1.1.tgz 0ms (cache hit)
155 http cache function-bind@https://registry.npmjs.org/function-bind/-/function-bind-1.1.2.tgz 0ms (cache hit)
156 http cache call-bind-apply-helpers@https://registry.npmjs.org/call-bind-apply-helpers/-/call-bind-apply-helpers-1.0.2.tgz 0ms (cache hit)
157 http cache has-tostringtag@https://registry.npmjs.org/has-tostringtag/-/has-tostringtag-1.0.2.tgz 0ms (cache hit)
158 http cache get-intrinsic@https://registry.npmjs.org/get-intrinsic/-/get-intrinsic-1.3.0.tgz 0ms (cache hit)
159 http cache es-define-property@https://registry.npmjs.org/es-define-property/-/es-define-property-1.0.1.tgz 0ms (cache hit)
160 http cache hasown@https://registry.npmjs.org/hasown/-/hasown-2.0.2.tgz 0ms (cache hit)
161 http cache es-errors@https://registry.npmjs.org/es-errors/-/es-errors-1.3.0.tgz 0ms (cache hit)
162 http cache delayed-stream@https://registry.npmjs.org/delayed-stream/-/delayed-stream-1.0.0.tgz 0ms (cache hit)
163 http cache mime-types@https://registry.npmjs.org/mime-types/-/mime-types-2.1.35.tgz 0ms (cache hit)
164 http cache es-set-tostringtag@https://registry.npmjs.org/es-set-tostringtag/-/es-set-tostringtag-2.1.0.tgz 0ms (cache hit)
165 http cache asynckit@https://registry.npmjs.org/asynckit/-/asynckit-0.4.0.tgz 0ms (cache hit)
166 http cache combined-stream@https://registry.npmjs.org/combined-stream/-/combined-stream-1.0.8.tgz 0ms (cache hit)
167 http cache @types/caseless@https://registry.npmjs.org/@types/caseless/-/caseless-0.12.5.tgz 0ms (cache hit)
168 http cache @types/tough-cookie@https://registry.npmjs.org/@types/tough-cookie/-/tough-cookie-4.0.5.tgz 0ms (cache hit)
169 http cache @types/request@https://registry.npmjs.org/@types/request/-/request-2.48.12.tgz 0ms (cache hit)
170 http cache safe-buffer@https://registry.npmjs.org/safe-buffer/-/safe-buffer-5.2.1.tgz 0ms (cache hit)
171 http cache form-data@https://registry.npmjs.org/form-data/-/form-data-2.5.3.tgz 0ms (cache hit)
172 silly tarball no local data for @types/caseless@https://registry.npmjs.org/@types/caseless/-/caseless-0.12.5.tgz. Extracting by manifest.
173 silly tarball no local data for @types/tough-cookie@https://registry.npmjs.org/@types/tough-cookie/-/tough-cookie-4.0.5.tgz. Extracting by manifest.
174 silly tarball no local data for @types/request@https://registry.npmjs.org/@types/request/-/request-2.48.12.tgz. Extracting by manifest.
175 silly tarball no local data for form-data@https://registry.npmjs.org/form-data/-/form-data-2.5.3.tgz. Extracting by manifest.
176 http fetch GET 200 https://registry.npmjs.org/@types/request/-/request-2.48.12.tgz 99ms (cache miss)
177 http fetch GET 200 https://registry.npmjs.org/@types/caseless/-/caseless-0.12.5.tgz 105ms (cache miss)
178 http fetch GET 200 https://registry.npmjs.org/@types/tough-cookie/-/tough-cookie-4.0.5.tgz 104ms (cache miss)
179 http fetch GET 200 https://registry.npmjs.org/form-data/-/form-data-2.5.3.tgz 113ms (cache miss)
180 http fetch POST 200 https://registry.npmjs.org/-/npm/v1/security/advisories/bulk 253ms
181 silly audit report {}
182 silly ADD node_modules/mime-db
183 silly ADD node_modules/dunder-proto
184 silly ADD node_modules/math-intrinsics
185 silly ADD node_modules/has-symbols
186 silly ADD node_modules/gopd
187 silly ADD node_modules/get-proto
188 silly ADD node_modules/function-bind
189 silly ADD node_modules/es-object-atoms
190 silly ADD node_modules/es-define-property
191 silly ADD node_modules/call-bind-apply-helpers
192 silly ADD node_modules/hasown
193 silly ADD node_modules/has-tostringtag
194 silly ADD node_modules/get-intrinsic
195 silly ADD node_modules/es-errors
196 silly ADD node_modules/delayed-stream
197 silly ADD node_modules/safe-buffer
198 silly ADD node_modules/mime-types
199 silly ADD node_modules/es-set-tostringtag
200 silly ADD node_modules/combined-stream
201 silly ADD node_modules/asynckit
202 silly ADD node_modules/form-data
203 silly ADD node_modules/@types/tough-cookie
204 silly ADD node_modules/@types/caseless
205 silly ADD node_modules/@types/request
206 verbose cwd C:\Users\HP\AppData\Local\Microsoft\TypeScript\5.7
207 verbose os Windows_NT 10.0.22631
208 verbose node v22.14.0
209 verbose npm  v10.9.2
210 verbose exit 0
211 info ok
